<html>
<body>
<pre>
<h1>Vision Build Log</h1>
<h2>Project:</h2>
D:\Data form C\假期单片机学习\项目\第五届ARM-ST智能设备大赛\MotorControl\Object\SkyWorks.uvproj
Project File Date:  05/10/2015

<h2>Output:</h2>
Build target 'Timer'
compiling main.c...
compiling Timer.c...
compiling usart1.c...
..\User\usart1.c(7): error:  #20: identifier "SENDBUFF_SIZE" is undefined
..\User\usart1.c(50): warning:  #223-D: function "NVIC_Config" declared implicitly
..\User\usart1.c(53): error:  #20: identifier "USART1_DR_Base" is undefined
..\User\usart1.c(99): error:  #159: declaration is incompatible with previous "NVIC_Config" (declared at line 50)
..\User\usart1.c(99): warning:  #177-D: function "NVIC_Config" was declared but never referenced
compiling delay.c...
Target not created
Build target 'Timer'
compiling usart1.c...
linking...
ADC.axf: Error: L6200E: Symbol fac_ms multiply defined (by delay.o and main.o).
ADC.axf: Error: L6200E: Symbol fac_us multiply defined (by delay.o and main.o).
Target not created
Build target 'Timer'
compiling delay.c...
..\User\delay.c(13): error:  #20: identifier "u16" is undefined
..\User\delay.c(14): error:  #20: identifier "u8" is undefined
..\User\delay.c(26): error:  #20: identifier "ErrorStatus" is undefined
..\User\delay.c(27): warning:  #223-D: function "RCC_DeInit" declared implicitly
..\User\delay.c(28): warning:  #223-D: function "RCC_HSEConfig" declared implicitly
..\User\delay.c(28): error:  #20: identifier "RCC_HSE_ON" is undefined
..\User\delay.c(29): warning:  #223-D: function "RCC_WaitForHSEStartUp" declared implicitly
..\User\delay.c(30): error:  #20: identifier "SUCCESS" is undefined
..\User\delay.c(31): warning:  #223-D: function "RCC_HCLKConfig" declared implicitly
..\User\delay.c(31): error:  #20: identifier "RCC_SYSCLK_Div1" is undefined
..\User\delay.c(32): warning:  #223-D: function "RCC_PCLK2Config" declared implicitly
..\User\delay.c(32): error:  #20: identifier "RCC_HCLK_Div1" is undefined
..\User\delay.c(33): warning:  #223-D: function "RCC_PCLK1Config" declared implicitly
..\User\delay.c(33): error:  #20: identifier "RCC_HCLK_Div2" is undefined
..\User\delay.c(34): warning:  #223-D: function "RCC_PLLConfig" declared implicitly
..\User\delay.c(34): error:  #20: identifier "RCC_PLLSource_HSE_Div1" is undefined
..\User\delay.c(34): error:  #20: identifier "RCC_PLLMul_9" is undefined
..\User\delay.c(35): warning:  #223-D: function "RCC_PLLCmd" declared implicitly
..\User\delay.c(35): error:  #20: identifier "ENABLE" is undefined
..\User\delay.c(36): warning:  #223-D: function "RCC_GetFlagStatus" declared implicitly
..\User\delay.c(36): error:  #20: identifier "RCC_FLAG_PLLRDY" is undefined
..\User\delay.c(36): error:  #20: identifier "RESET" is undefined
..\User\delay.c(37): warning:  #223-D: function "RCC_SYSCLKConfig" declared implicitly
..\User\delay.c(37): error:  #20: identifier "RCC_SYSCLKSource_PLLCLK" is undefined
..\User\delay.c(38): warning:  #223-D: function "RCC_GetSYSCLKSource" declared implicitly
..\User\delay.c(48): error:  #20: identifier "u16" is undefined
..\User\delay.c(50): error:  #20: identifier "SysTick" is undefined
..\User\delay.c(50): error:  #20: identifier "u32" is undefined
..\User\delay.c(50): error:  #65: expected a ";"
..\User\delay.c(63): error:  #20: identifier "u8" is undefined
..\User\delay.c(66): error:  #20: identifier "SysTick" is undefined
..\User\delay.c(69): error:  #20: identifier "u16" is undefined
..\User\delay.c(69): error:  #65: expected a ";"
..\User\delay.c(78): error:  #20: identifier "u32" is undefined
..\User\delay.c(80): error:  #20: identifier "SysTick" is undefined
..\User\delay.c(80): error:  #20: identifier "u32" is undefined
..\User\delay.c(80): error:  #65: expected a ";"
Target not created
Build target 'Timer'
compiling delay.c...
linking...
ADC.axf: Error: L6200E: Symbol fac_ms multiply defined (by delay.o and main.o).
ADC.axf: Error: L6200E: Symbol fac_us multiply defined (by delay.o and main.o).
Target not created
Build target 'Timer'
compiling main.c...
compiling delay.c...
linking...
Program Size: Code=3592 RO-data=268 RW-data=16 ZI-data=1024  
FromELF: creating hex file...
"ADC.axf" - 0 Error(s), 0 Warning(s).
Build target 'Timer'
compiling main.c...
..\User\main.c(11): warning:  #177-D: variable "step" was declared but never referenced
compiling Timer.c...
linking...
Program Size: Code=3516 RO-data=268 RW-data=16 ZI-data=1024  
FromELF: creating hex file...
"ADC.axf" - 0 Error(s), 1 Warning(s).
Load "D:\\Data form C\\假期单片机学习\\项目\\第五届ARM-ST智能设备大赛\\MotorControl\\Object\\ADC.AXF" 
Build target 'Timer'
linking...
Program Size: Code=3516 RO-data=268 RW-data=16 ZI-data=1024  
FromELF: creating hex file...
"ADC.axf" - 0 Error(s), 0 Warning(s).
Load "D:\\Data form C\\假期单片机学习\\项目\\第五届ARM-ST智能设备大赛\\MotorControl\\Object\\ADC.AXF" 
Full Chip Erase Done.
Programming Done.
Verify OK.
